#
# A fatal error has been detected by the Java Runtime Environment:
#
#  SIGSEGV (0xb) at pc=0x00007fd93c412221, pid=24017, tid=140570961131264
#
# JRE version: Java(TM) SE Runtime Environment (7.0_75-b13) (build 1.7.0_75-b13)
# Java VM: Java HotSpot(TM) 64-Bit Server VM (24.75-b04 mixed mode linux-amd64 compressed oops)
# Problematic frame:
# V  [libjvm.so+0x886221]  PSPromotionManager::process_array_chunk(oopDesc*)+0x2c1
#
# Failed to write core dump. Core dumps have been disabled. To enable core dumping, try "ulimit -c unlimited" before starting Java again
#
# If you would like to submit a bug report, please visit:
#   http://bugreport.sun.com/bugreport/crash.jsp
#

---------------  T H R E A D  ---------------

Current thread (0x00007fd934022800):  GCTaskThread [stack: 0x00007fd93a243000,0x00007fd93a344000] [id=24024]

siginfo:si_signo=SIGSEGV: si_errno=0, si_code=1 (SEGV_MAPERR), si_addr=0x0000000100000000

Registers:
RAX=0x00007fd93c9d9348, RBX=0x00000000ede14ea4, RCX=0x0000000000000000, RDX=0x00000000ffffffff
RSP=0x00007fd93a342b60, RBP=0x00007fd93a342bd0, RSI=0x0000000000000000, RDI=0x0000000000000000
R8 =0x00000000eaa80000, R9 =0x00007fd93c9afcc0, R10=0x00007fd93c99d551, R11=0x00007fd93a342b80
R12=0x00007fd934068360, R13=0x00000000edd11338, R14=0x00000000ede14f2c, R15=0x00007fd934068400
RIP=0x00007fd93c412221, EFLAGS=0x0000000000010206, CSGSFS=0x0000000000000033, ERR=0x0000000000000004
  TRAPNO=0x000000000000000e

Top of Stack: (sp=0x00007fd93a342b60)
0x00007fd93a342b60:   00007fd93a342be0 00007fd93c9cb518
0x00007fd93a342b70:   0000000000000028 00007fd93a342b90
0x00007fd93a342b80:   00000000ede14e79 0000000000000400
0x00007fd93a342b90:   00000000ec494f72 0000000000001000
0x00007fd93a342ba0:   00007fd934068390 00000000ec494f70
0x00007fd93a342bb0:   00007fd934068360 00007fd93c9afcc0
0x00007fd93a342bc0:   0000000000000000 00007fd9340683d0
0x00007fd93a342bd0:   00007fd93a342cc0 00007fd93c412def
0x00007fd93a342be0:   00007fd93a342c60 00007fd93a342c50
0x00007fd93a342bf0:   00007fd93a342c60 00007fd93a342c20
0x00007fd93a342c00:   00007fd93a342c30 00007fd93a342c80
0x00007fd93a342c10:   00000000c0525790 00007fd934068400
0x00007fd93a342c20:   00000000c00001c0 00007fd934068360
0x00007fd93a342c30:   00007fd93401bb30 00007fd93a5ed081
0x00007fd93a342c40:   00007fd93a342cc0 00007fd93c388daf
0x00007fd93a342c50:   00000000c0008a85 00007fd93c17308e
0x00007fd93a342c60:   00000000bb176c48 00000000c0008a84
0x00007fd93a342c70:   00007fd93a342cc0 00007fd93c13ecb8
0x00007fd93a342c80:   00000000ec494f72 00007fd9340683c8
0x00007fd93a342c90:   0000000000000000 00000000c0008c28
0x00007fd93a342ca0:   00000000c0008c00 00007fd93a5ed046
0x00007fd93a342cb0:   00007fd93401bb30 00007fd93a5ed081
0x00007fd93a342cc0:   00007fd93a342d80 00007fd93bf48ad6
0x00007fd93a342cd0:   00007fd934020140 00007fd93a5ed080
0x00007fd93a342ce0:   00007fd93a5ed001 00007fd93c9cb518
0x00007fd93a342cf0:   00007fd934068360 00000000c0905278
0x00007fd93a342d00:   00007fd93401b8c0 00007fd93a5f182a
0x00007fd93a342d10:   00000000c0006440 0000000000000200
0x00007fd93a342d20:   00000000c0010000 00007fd93a5ed033
0x00007fd93a342d30:   0000000000000240 00007fd93a5ed200
0x00007fd93a342d40:   00007fd93a5ed200 00007fd93a5ed046
0x00007fd93a342d50:   00007fd93a5ed033 00007fd934028530 

Instructions: (pc=0x00007fd93c412221)
0x00007fd93c412201:   c0 41 8b 71 08 49 8b 39 89 f1 48 d3 e0 48 8d 14
0x00007fd93c412211:   07 48 8b 05 37 15 58 00 4c 8b 00 4c 39 c2 72 c5
0x00007fd93c412221:   48 8b 02 83 e0 03 48 83 f8 03 0f 84 5f ff ff ff
0x00007fd93c412231:   41 8b 4c 24 68 41 8b 44 24 70 49 89 dd 49 83 cd 

Register to memory mapping:

RAX=0x00007fd93c9d9348: <offset 0xe4d348> in /usr/java/jdk1.7.0_75/jre/lib/amd64/server/libjvm.so at 0x00007fd93bb8c000
RBX=0x00000000ede14ea4 is an unknown value
RCX=0x0000000000000000 is an unknown value
RDX=0x00000000ffffffff is an unallocated location in the heap
RSP=0x00007fd93a342b60 is an unknown value
RBP=0x00007fd93a342bd0 is an unknown value
RSI=0x0000000000000000 is an unknown value
RDI=0x0000000000000000 is an unknown value
R8 =0x00000000eaa80000 is an oop
java.util.HashMap$Entry 
 - klass: 'java/util/HashMap$Entry'
R9 =0x00007fd93c9afcc0: <offset 0xe23cc0> in /usr/java/jdk1.7.0_75/jre/lib/amd64/server/libjvm.so at 0x00007fd93bb8c000
R10=0x00007fd93c99d551: <offset 0xe11551> in /usr/java/jdk1.7.0_75/jre/lib/amd64/server/libjvm.so at 0x00007fd93bb8c000
R11=0x00007fd93a342b80 is an unknown value
R12=0x00007fd934068360 is an unknown value
R13=0x00000000edd11338 is an oop
com.android.dx.rop.code.RegisterSpec 
 - klass: 'com/android/dx/rop/code/RegisterSpec'
R14=0x00000000ede14f2c is an unknown value
R15=0x00007fd934068400 is an unknown value


Stack: [0x00007fd93a243000,0x00007fd93a344000],  sp=0x00007fd93a342b60,  free space=1022k
Native frames: (J=compiled Java code, j=interpreted, Vv=VM code, C=native code)
V  [libjvm.so+0x886221]  PSPromotionManager::process_array_chunk(oopDesc*)+0x2c1
V  [libjvm.so+0x886def]  PSPromotionManager::drain_stacks_depth(bool)+0x7af
V  [libjvm.so+0x3bcad6]  CardTableExtension::scavenge_contents_parallel(ObjectStartArray*, MutableSpace*, HeapWord*, PSPromotionManager*, unsigned int, unsigned int)+0xb56
V  [libjvm.so+0x88a7cb]  OldToYoungRootsTask::do_it(GCTaskManager*, unsigned int)+0x4b
V  [libjvm.so+0x5572cf]  GCTaskThread::run()+0x12f
V  [libjvm.so+0x820b88]  java_start(Thread*)+0x108


---------------  P R O C E S S  ---------------

Java Threads: ( => current thread )
  0x00007fd934099000 JavaThread "Service Thread" daemon [_thread_blocked, id=24033, stack(0x00007fd930cfd000,0x00007fd930dfe000)]
  0x00007fd934096800 JavaThread "C2 CompilerThread1" daemon [_thread_blocked, id=24032, stack(0x00007fd930dfe000,0x00007fd930eff000)]
  0x00007fd934094000 JavaThread "C2 CompilerThread0" daemon [_thread_blocked, id=24031, stack(0x00007fd930eff000,0x00007fd931000000)]
  0x00007fd934091800 JavaThread "Signal Dispatcher" daemon [_thread_blocked, id=24030, stack(0x00007fd93807b000,0x00007fd93817c000)]
  0x00007fd934071000 JavaThread "Finalizer" daemon [_thread_blocked, id=24029, stack(0x00007fd93885e000,0x00007fd93895f000)]
  0x00007fd93406f000 JavaThread "Reference Handler" daemon [_thread_blocked, id=24028, stack(0x00007fd93895f000,0x00007fd938a60000)]
  0x00007fd93400a800 JavaThread "main" [_thread_blocked, id=24022, stack(0x00007fd93d4fc000,0x00007fd93d5fd000)]

Other Threads:
  0x00007fd93406a800 VMThread [stack: 0x00007fd938a60000,0x00007fd938b61000] [id=24027]
  0x00007fd9340a4000 WatcherThread [stack: 0x00007fd930bfc000,0x00007fd930cfd000] [id=24034]

=>0x00007fd934022800 (exited) GCTaskThread [stack: 0x00007fd93a243000,0x00007fd93a344000] [id=24024]

VM state:at safepoint (normal execution)

VM Mutex/Monitor currently owned by a thread:  ([mutex/lock_event])
[0x00007fd934007050] Threads_lock - owner thread: 0x00007fd93406a800
[0x00007fd934007550] Heap_lock - owner thread: 0x00007fd93400a800

Heap
 PSYoungGen      total 27648K, used 27634K [0x00000000eaa80000, 0x00000000ee080000, 0x0000000100000000)
  eden space 24064K, 100% used [0x00000000eaa80000,0x00000000ec200000,0x00000000ec200000)
  from space 3584K, 99% used [0x00000000ec200000,0x00000000ec57c9a8,0x00000000ec580000)
  to   space 3584K, 99% used [0x00000000edd00000,0x00000000ee07c9a8,0x00000000ee080000)
 ParOldGen       total 61952K, used 12242K [0x00000000c0000000, 0x00000000c3c80000, 0x00000000eaa80000)
  object space 61952K, 19% used [0x00000000c0000000,0x00000000c0bf4af0,0x00000000c3c80000)
 PSPermGen       total 21504K, used 5210K [0x00000000bae00000, 0x00000000bc300000, 0x00000000c0000000)
  object space 21504K, 24% used [0x00000000bae00000,0x00000000bb3168a0,0x00000000bc300000)

Card table byte_map: [0x00007fd93a5c4000,0x00007fd93a7ee000] byte_map_base: 0x00007fd939fed000

Polling page: 0x00007fd93d621000

Code Cache  [0x00007fd931000000, 0x00007fd931270000, 0x00007fd934000000)
 total_blobs=599 nmethods=390 adapters=162 free_code_cache=47447Kb largest_free_block=48524352

Compilation events (10 events):
Event: 3.731 Thread 0x00007fd934094000 nmethod 385 0x00007fd93119e890 code [0x00007fd93119ea80, 0x00007fd93119f3c8]
Event: 3.731 Thread 0x00007fd934094000  386             com.android.dx.ssa.back.LivenessAnalyzer::coInterferePhis (128 bytes)
Event: 3.752 Thread 0x00007fd934094000 nmethod 386 0x00007fd93119fcd0 code [0x00007fd93119fec0, 0x00007fd9311a0688]
Event: 3.752 Thread 0x00007fd934094000  387             java.lang.Long::numberOfTrailingZeros (116 bytes)
Event: 3.753 Thread 0x00007fd934094000 nmethod 387 0x00007fd93119a250 code [0x00007fd93119a380, 0x00007fd93119a438]
Event: 3.753 Thread 0x00007fd934094000  388             com.android.dx.ssa.back.SsaToRop::convertBasicBlocks (151 bytes)
Event: 3.766 Thread 0x00007fd934096800 nmethod 343 0x00007fd9311a9b10 code [0x00007fd9311aa2e0, 0x00007fd9311b11f8]
Event: 3.766 Thread 0x00007fd934096800  389             com.android.dx.ssa.SsaMethod::getCountReachableBlocks (44 bytes)
Event: 3.771 Thread 0x00007fd934096800 nmethod 389 0x00007fd93119bf50 code [0x00007fd93119c0c0, 0x00007fd93119c328]
Event: 3.771 Thread 0x00007fd934096800  390             com.android.dx.dex.code.RopTranslator$LocalVariableAwareTranslationVisitor::addIntroductionIfNecessary (30 bytes)

GC Heap History (7 events):
Event: 1.368 GC heap before
{Heap before GC invocations=1 (full 0):
 PSYoungGen      total 27648K, used 24064K [0x00000000eaa80000, 0x00000000ec900000, 0x0000000100000000)
  eden space 24064K, 100% used [0x00000000eaa80000,0x00000000ec200000,0x00000000ec200000)
  from space 3584K, 0% used [0x00000000ec580000,0x00000000ec580000,0x00000000ec900000)
  to   space 3584K, 0% used [0x00000000ec200000,0x00000000ec200000,0x00000000ec580000)
 ParOldGen       total 61952K, used 0K [0x00000000c0000000, 0x00000000c3c80000, 0x00000000eaa80000)
  object space 61952K, 0% used [0x00000000c0000000,0x00000000c0000000,0x00000000c3c80000)
 PSPermGen       total 21504K, used 5054K [0x00000000bae00000, 0x00000000bc300000, 0x00000000c0000000)
  object space 21504K, 23% used [0x00000000bae00000,0x00000000bb2ef930,0x00000000bc300000)
Event: 1.380 GC heap after
Heap after GC invocations=1 (full 0):
 PSYoungGen      total 27648K, used 3572K [0x00000000eaa80000, 0x00000000ec900000, 0x0000000100000000)
  eden space 24064K, 0% used [0x00000000eaa80000,0x00000000eaa80000,0x00000000ec200000)
  from space 3584K, 99% used [0x00000000ec200000,0x00000000ec57d040,0x00000000ec580000)
  to   space 3584K, 0% used [0x00000000ec580000,0x00000000ec580000,0x00000000ec900000)
 ParOldGen       total 61952K, used 2508K [0x00000000c0000000, 0x00000000c3c80000, 0x00000000eaa80000)
  object space 61952K, 4% used [0x00000000c0000000,0x00000000c0273350,0x00000000c3c80000)
 PSPermGen       total 21504K, used 5054K [0x00000000bae00000, 0x00000000bc300000, 0x00000000c0000000)
  object space 21504K, 23% used [0x00000000bae00000,0x00000000bb2ef930,0x00000000bc300000)
}
Event: 2.295 GC heap before
{Heap before GC invocations=2 (full 0):
 PSYoungGen      total 27648K, used 27636K [0x00000000eaa80000, 0x00000000ec900000, 0x0000000100000000)
  eden space 24064K, 100% used [0x00000000eaa80000,0x00000000ec200000,0x00000000ec200000)
  from space 3584K, 99% used [0x00000000ec200000,0x00000000ec57d040,0x00000000ec580000)
  to   space 3584K, 0% used [0x00000000ec580000,0x00000000ec580000,0x00000000ec900000)
 ParOldGen       total 61952K, used 2508K [0x00000000c0000000, 0x00000000c3c80000, 0x00000000eaa80000)
  object space 61952K, 4% used [0x00000000c0000000,0x00000000c0273350,0x00000000c3c80000)
 PSPermGen       total 21504K, used 5163K [0x00000000bae00000, 0x00000000bc300000, 0x00000000c0000000)
  object space 21504K, 24% used [0x00000000bae00000,0x00000000bb30af68,0x00000000bc300000)
Event: 2.319 GC heap after
Heap after GC invocations=2 (full 0):
 PSYoungGen      total 27648K, used 3552K [0x00000000eaa80000, 0x00000000ee080000, 0x0000000100000000)
  eden space 24064K, 0% used [0x00000000eaa80000,0x00000000eaa80000,0x00000000ec200000)
  from space 3584K, 99% used [0x00000000ec580000,0x00000000ec8f8028,0x00000000ec900000)
  to   space 3584K, 0% used [0x00000000ec200000,0x00000000ec200000,0x00000000ec580000)
 ParOldGen       total 61952K, used 5318K [0x00000000c0000000, 0x00000000c3c80000, 0x00000000eaa80000)
  object space 61952K, 8% used [0x00000000c0000000,0x00000000c0531920,0x00000000c3c80000)
 PSPermGen       total 21504K, used 5163K [0x00000000bae00000, 0x00000000bc300000, 0x00000000c0000000)
  object space 21504K, 24% used [0x00000000bae00000,0x00000000bb30af68,0x00000000bc300000)
}
Event: 3.167 GC heap before
{Heap before GC invocations=3 (full 0):
 PSYoungGen      total 27648K, used 27616K [0x00000000eaa80000, 0x00000000ee080000, 0x0000000100000000)
  eden space 24064K, 100% used [0x00000000eaa80000,0x00000000ec200000,0x00000000ec200000)
  from space 3584K, 99% used [0x00000000ec580000,0x00000000ec8f8028,0x00000000ec900000)
  to   space 3584K, 0% used [0x00000000ec200000,0x00000000ec200000,0x00000000ec580000)
 ParOldGen       total 61952K, used 5318K [0x00000000c0000000, 0x00000000c3c80000, 0x00000000eaa80000)
  object space 61952K, 8% used [0x00000000c0000000,0x00000000c0531920,0x00000000c3c80000)
 PSPermGen       total 21504K, used 5186K [0x00000000bae00000, 0x00000000bc300000, 0x00000000c0000000)
  object space 21504K, 24% used [0x00000000bae00000,0x00000000bb3108b8,0x00000000bc300000)
Event: 3.183 GC heap after
Heap after GC invocations=3 (full 0):
 PSYoungGen      total 27648K, used 3570K [0x00000000eaa80000, 0x00000000ee080000, 0x0000000100000000)
  eden space 24064K, 0% used [0x00000000eaa80000,0x00000000eaa80000,0x00000000ec200000)
  from space 3584K, 99% used [0x00000000ec200000,0x00000000ec57c9a8,0x00000000ec580000)
  to   space 3584K, 0% used [0x00000000edd00000,0x00000000edd00000,0x00000000ee080000)
 ParOldGen       total 61952K, used 9236K [0x00000000c0000000, 0x00000000c3c80000, 0x00000000eaa80000)
  object space 61952K, 14% used [0x00000000c0000000,0x00000000c0905278,0x00000000c3c80000)
 PSPermGen       total 21504K, used 5186K [0x00000000bae00000, 0x00000000bc300000, 0x00000000c0000000)
  object space 21504K, 24% used [0x00000000bae00000,0x00000000bb3108b8,0x00000000bc300000)
}
Event: 3.780 GC heap before
{Heap before GC invocations=4 (full 0):
 PSYoungGen      total 27648K, used 27634K [0x00000000eaa80000, 0x00000000ee080000, 0x0000000100000000)
  eden space 24064K, 100% used [0x00000000eaa80000,0x00000000ec200000,0x00000000ec200000)
  from space 3584K, 99% used [0x00000000ec200000,0x00000000ec57c9a8,0x00000000ec580000)
  to   space 3584K, 0% used [0x00000000edd00000,0x00000000edd00000,0x00000000ee080000)
 ParOldGen       total 61952K, used 9236K [0x00000000c0000000, 0x00000000c3c80000, 0x00000000eaa80000)
  object space 61952K, 14% used [0x00000000c0000000,0x00000000c0905278,0x00000000c3c80000)
 PSPermGen       total 21504K, used 5210K [0x00000000bae00000, 0x00000000bc300000, 0x00000000c0000000)
  object space 21504K, 24% used [0x00000000bae00000,0x00000000bb3168a0,0x00000000bc300000)

Deoptimization events (10 events):
Event: 1.465 Thread 0x00007fd93400a800 Uncommon trap: reason=unreached action=reinterpret pc=0x00007fd931069944 method=com.android.dx.rop.cst.Constant.compareTo(Lcom/android/dx/rop/cst/Constant;)I @ 12
Event: 1.729 Thread 0x00007fd93400a800 Uncommon trap: reason=null_check action=make_not_entrant pc=0x00007fd9310d7014 method=com.android.dx.rop.type.Type.putIntern(Lcom/android/dx/rop/type/Type;)Lcom/android/dx/rop/type/Type; @ 18
Event: 1.888 Thread 0x00007fd93400a800 Uncommon trap: reason=null_check action=make_not_entrant pc=0x00007fd9310c3a8c method=com.android.dx.ssa.SsaRenamer.getLocalForNewReg(I)Lcom/android/dx/rop/code/LocalItem; @ 19
Event: 2.242 Thread 0x00007fd93400a800 Uncommon trap: reason=null_check action=make_not_entrant pc=0x00007fd931119acc method=com.android.dx.cf.code.Ropper$CatchInfo.getSetup(Lcom/android/dx/rop/type/Type;)Lcom/android/dx/cf/code/Ropper$ExceptionHandlerSetup; @ 10
Event: 2.926 Thread 0x00007fd93400a800 Uncommon trap: reason=unreached action=reinterpret pc=0x00007fd931143f64 method=com.android.dx.ssa.SsaRenamer$BlockRenamer.process()V @ 90
Event: 3.300 Thread 0x00007fd93400a800 Uncommon trap: reason=null_check action=make_not_entrant pc=0x00007fd93117f8f4 method=com.android.dx.cf.direct.DirectClassFile.getSourceFile()Lcom/android/dx/rop/cst/CstString; @ 15
Event: 3.474 Thread 0x00007fd93400a800 Uncommon trap: reason=class_check action=maybe_recompile pc=0x00007fd931183944 method=com.android.dx.ssa.SsaMethod.isRegALocal(Lcom/android/dx/rop/code/RegisterSpec;)Z @ 16
Event: 3.474 Thread 0x00007fd93400a800 Uncommon trap: reason=class_check action=maybe_recompile pc=0x00007fd931183944 method=com.android.dx.ssa.SsaMethod.isRegALocal(Lcom/android/dx/rop/code/RegisterSpec;)Z @ 16
Event: 3.474 Thread 0x00007fd93400a800 Uncommon trap: reason=class_check action=maybe_recompile pc=0x00007fd931183944 method=com.android.dx.ssa.SsaMethod.isRegALocal(Lcom/android/dx/rop/code/RegisterSpec;)Z @ 16
Event: 3.474 Thread 0x00007fd93400a800 Uncommon trap: reason=class_check action=maybe_recompile pc=0x00007fd931183944 method=com.android.dx.ssa.SsaMethod.isRegALocal(Lcom/android/dx/rop/code/RegisterSpec;)Z @ 16

Internal exceptions (10 events):
Event: 0.806 Thread 0x00007fd93400a800 Threw 0x00000000eb7f9718 at /HUDSON/workspace/7u-2-build-linux-amd64/jdk7u75/1940/hotspot/src/share/vm/prims/jvm.cpp:1281
Event: 0.823 Thread 0x00007fd93400a800 Threw 0x00000000eb85c3e0 at /HUDSON/workspace/7u-2-build-linux-amd64/jdk7u75/1940/hotspot/src/share/vm/prims/jvm.cpp:1281
Event: 1.102 Thread 0x00007fd93400a800 Threw 0x00000000ebcb2be8 at /HUDSON/workspace/7u-2-build-linux-amd64/jdk7u75/1940/hotspot/src/share/vm/prims/jvm.cpp:1281
Event: 1.109 Thread 0x00007fd93400a800 Threw 0x00000000ebcde860 at /HUDSON/workspace/7u-2-build-linux-amd64/jdk7u75/1940/hotspot/src/share/vm/prims/jvm.cpp:1281
Event: 1.409 Thread 0x00007fd93400a800 Implicit null exception at 0x00007fd9310be2fa to 0x00007fd9310bf20d
Event: 1.729 Thread 0x00007fd93400a800 Implicit null exception at 0x00007fd9310d68db to 0x00007fd9310d7005
Event: 1.888 Thread 0x00007fd93400a800 Implicit null exception at 0x00007fd9310c25b3 to 0x00007fd9310c3a61
Event: 2.242 Thread 0x00007fd93400a800 Implicit null exception at 0x00007fd9311179c1 to 0x00007fd931119ac1
Event: 3.300 Thread 0x00007fd93400a800 Implicit null exception at 0x00007fd93117e030 to 0x00007fd93117f8e9
Event: 3.300 Thread 0x00007fd93400a800 Threw 0x00000000eae5e3f8 at /HUDSON/workspace/7u-2-build-linux-amd64/jdk7u75/1940/hotspot/src/share/vm/prims/jvm.cpp:1281

Events (10 events):
Event: 3.474 Thread 0x00007fd93400a800 Uncommon trap: trap_request=0xffffffde fr.pc=0x00007fd931183944
Event: 3.474 Thread 0x00007fd93400a800 DEOPT PACKING pc=0x00007fd931183944 sp=0x00007fd93d5fa950
Event: 3.474 Thread 0x00007fd93400a800 DEOPT UNPACKING pc=0x00007fd931039445 sp=0x00007fd93d5fa8f8 mode 2
Event: 3.474 Thread 0x00007fd93400a800 Uncommon trap: trap_request=0xffffffde fr.pc=0x00007fd931183944
Event: 3.474 Thread 0x00007fd93400a800 DEOPT PACKING pc=0x00007fd931183944 sp=0x00007fd93d5fa950
Event: 3.474 Thread 0x00007fd93400a800 DEOPT UNPACKING pc=0x00007fd931039445 sp=0x00007fd93d5fa8f8 mode 2
Event: 3.474 Thread 0x00007fd93400a800 Uncommon trap: trap_request=0xffffffde fr.pc=0x00007fd931183944
Event: 3.474 Thread 0x00007fd93400a800 DEOPT PACKING pc=0x00007fd931183944 sp=0x00007fd93d5fa950
Event: 3.474 Thread 0x00007fd93400a800 DEOPT UNPACKING pc=0x00007fd931039445 sp=0x00007fd93d5fa8f8 mode 2
Event: 3.780 Executing VM operation: ParallelGCFailedAllocation


Dynamic libraries:
00400000-00401000 r-xp 00000000 08:01 6034428                            /usr/java/jdk1.7.0_75/bin/java
00600000-00601000 rw-p 00000000 08:01 6034428                            /usr/java/jdk1.7.0_75/bin/java
014ab000-014cc000 rw-p 00000000 00:00 0                                  [heap]
bae00000-bc300000 rw-p 00000000 00:00 0 
bc300000-c0000000 rw-p 00000000 00:00 0 
c0000000-c3c80000 rw-p 00000000 00:00 0 
c3c80000-eaa80000 rw-p 00000000 00:00 0 
eaa80000-ee080000 rw-p 00000000 00:00 0 
ee080000-100000000 rw-p 00000000 00:00 0 
7fd8f4000000-7fd8f4021000 rw-p 00000000 00:00 0 
7fd8f4021000-7fd8f8000000 ---p 00000000 00:00 0 
7fd8fc000000-7fd8fccb9000 rw-p 00000000 00:00 0 
7fd8fccb9000-7fd900000000 ---p 00000000 00:00 0 
7fd900000000-7fd900021000 rw-p 00000000 00:00 0 
7fd900021000-7fd904000000 ---p 00000000 00:00 0 
7fd904000000-7fd904021000 rw-p 00000000 00:00 0 
7fd904021000-7fd908000000 ---p 00000000 00:00 0 
7fd908000000-7fd908d6c000 rw-p 00000000 00:00 0 
7fd908d6c000-7fd90c000000 ---p 00000000 00:00 0 
7fd90c000000-7fd90c021000 rw-p 00000000 00:00 0 
7fd90c021000-7fd910000000 ---p 00000000 00:00 0 
7fd910000000-7fd910021000 rw-p 00000000 00:00 0 
7fd910021000-7fd914000000 ---p 00000000 00:00 0 
7fd914000000-7fd914021000 rw-p 00000000 00:00 0 
7fd914021000-7fd918000000 ---p 00000000 00:00 0 
7fd918000000-7fd918021000 rw-p 00000000 00:00 0 
7fd918021000-7fd91c000000 ---p 00000000 00:00 0 
7fd91c000000-7fd91c0e1000 rw-p 00000000 00:00 0 
7fd91c0e1000-7fd920000000 ---p 00000000 00:00 0 
7fd924000000-7fd924021000 rw-p 00000000 00:00 0 
7fd924021000-7fd928000000 ---p 00000000 00:00 0 
7fd929d70000-7fd92c000000 rw-p 00000000 00:00 0 
7fd92c000000-7fd92c021000 rw-p 00000000 00:00 0 
7fd92c021000-7fd930000000 ---p 00000000 00:00 0 
7fd930a8f000-7fd930bfc000 rw-p 00000000 00:00 0 
7fd930bfc000-7fd930bfd000 ---p 00000000 00:00 0 
7fd930bfd000-7fd930cfd000 rw-p 00000000 00:00 0                          [stack:24034]
7fd930cfd000-7fd930d00000 ---p 00000000 00:00 0 
7fd930d00000-7fd930dfe000 rw-p 00000000 00:00 0                          [stack:24033]
7fd930dfe000-7fd930e01000 ---p 00000000 00:00 0 
7fd930e01000-7fd930eff000 rw-p 00000000 00:00 0                          [stack:24032]
7fd930eff000-7fd930f02000 ---p 00000000 00:00 0 
7fd930f02000-7fd931000000 rw-p 00000000 00:00 0                          [stack:24031]
7fd931000000-7fd931270000 rwxp 00000000 00:00 0 
7fd931270000-7fd9341d7000 rw-p 00000000 00:00 0 
7fd9341d7000-7fd938000000 ---p 00000000 00:00 0 
7fd93807b000-7fd93807e000 ---p 00000000 00:00 0 
7fd93807e000-7fd93817c000 rw-p 00000000 00:00 0                          [stack:24030]
7fd93817c000-7fd93885e000 r--p 00000000 08:01 7085055                    /usr/lib/locale/locale-archive
7fd93885e000-7fd938861000 ---p 00000000 00:00 0 
7fd938861000-7fd93895f000 rw-p 00000000 00:00 0                          [stack:24029]
7fd93895f000-7fd938962000 ---p 00000000 00:00 0 
7fd938962000-7fd938a60000 rw-p 00000000 00:00 0                          [stack:24028]
7fd938a60000-7fd938a61000 ---p 00000000 00:00 0 
7fd938a61000-7fd939b60000 rw-p 00000000 00:00 0                          [stack:24027]
7fd939b60000-7fd939d1f000 r--s 039eb000 08:01 6032568                    /usr/java/jdk1.7.0_75/jre/lib/rt.jar
7fd939d1f000-7fd93a041000 rw-p 00000000 00:00 0 
7fd93a041000-7fd93a042000 ---p 00000000 00:00 0 
7fd93a042000-7fd93a142000 rw-p 00000000 00:00 0                          [stack:24026]
7fd93a142000-7fd93a143000 ---p 00000000 00:00 0 
7fd93a143000-7fd93a243000 rw-p 00000000 00:00 0                          [stack:24025]
7fd93a243000-7fd93a244000 ---p 00000000 00:00 0 
7fd93a244000-7fd93a344000 rw-p 00000000 00:00 0                          [stack:24024]
7fd93a344000-7fd93a345000 ---p 00000000 00:00 0 
7fd93a345000-7fd93a450000 rw-p 00000000 00:00 0                          [stack:24023]
7fd93a450000-7fd93a46e000 rw-p 00000000 00:00 0 
7fd93a46e000-7fd93a48d000 rw-p 00000000 00:00 0 
7fd93a48d000-7fd93a5c4000 rw-p 00000000 00:00 0 
7fd93a5c4000-7fd93a5cf000 rw-p 00000000 00:00 0 
7fd93a5cf000-7fd93a5ed000 rw-p 00000000 00:00 0 
7fd93a5ed000-7fd93a60c000 rw-p 00000000 00:00 0 
7fd93a60c000-7fd93a742000 rw-p 00000000 00:00 0 
7fd93a742000-7fd93a75e000 rw-p 00000000 00:00 0 
7fd93a75e000-7fd93a7ed000 rw-p 00000000 00:00 0 
7fd93a7ed000-7fd93a7ee000 rw-p 00000000 00:00 0 
7fd93a7ee000-7fd93a808000 r-xp 00000000 08:01 6032615                    /usr/java/jdk1.7.0_75/jre/lib/amd64/libzip.so
7fd93a808000-7fd93aa08000 ---p 0001a000 08:01 6032615                    /usr/java/jdk1.7.0_75/jre/lib/amd64/libzip.so
7fd93aa08000-7fd93aa09000 rw-p 0001a000 08:01 6032615                    /usr/java/jdk1.7.0_75/jre/lib/amd64/libzip.so
7fd93aa09000-7fd93aa14000 r-xp 00000000 08:01 131257                     /lib/x86_64-linux-gnu/libnss_files-2.19.so
7fd93aa14000-7fd93ac13000 ---p 0000b000 08:01 131257                     /lib/x86_64-linux-gnu/libnss_files-2.19.so
7fd93ac13000-7fd93ac14000 r--p 0000a000 08:01 131257                     /lib/x86_64-linux-gnu/libnss_files-2.19.so
7fd93ac14000-7fd93ac15000 rw-p 0000b000 08:01 131257                     /lib/x86_64-linux-gnu/libnss_files-2.19.so
7fd93ac15000-7fd93ac20000 r-xp 00000000 08:01 131316                     /lib/x86_64-linux-gnu/libnss_nis-2.19.so
7fd93ac20000-7fd93ae1f000 ---p 0000b000 08:01 131316                     /lib/x86_64-linux-gnu/libnss_nis-2.19.so
7fd93ae1f000-7fd93ae20000 r--p 0000a000 08:01 131316                     /lib/x86_64-linux-gnu/libnss_nis-2.19.so
7fd93ae20000-7fd93ae21000 rw-p 0000b000 08:01 131316                     /lib/x86_64-linux-gnu/libnss_nis-2.19.so
7fd93ae21000-7fd93ae38000 r-xp 00000000 08:01 131305                     /lib/x86_64-linux-gnu/libnsl-2.19.so
7fd93ae38000-7fd93b037000 ---p 00017000 08:01 131305                     /lib/x86_64-linux-gnu/libnsl-2.19.so
7fd93b037000-7fd93b038000 r--p 00016000 08:01 131305                     /lib/x86_64-linux-gnu/libnsl-2.19.so
7fd93b038000-7fd93b039000 rw-p 00017000 08:01 131305                     /lib/x86_64-linux-gnu/libnsl-2.19.so
7fd93b039000-7fd93b03b000 rw-p 00000000 00:00 0 
7fd93b03b000-7fd93b044000 r-xp 00000000 08:01 131304                     /lib/x86_64-linux-gnu/libnss_compat-2.19.so
7fd93b044000-7fd93b243000 ---p 00009000 08:01 131304                     /lib/x86_64-linux-gnu/libnss_compat-2.19.so
7fd93b243000-7fd93b244000 r--p 00008000 08:01 131304                     /lib/x86_64-linux-gnu/libnss_compat-2.19.so
7fd93b244000-7fd93b245000 rw-p 00009000 08:01 131304                     /lib/x86_64-linux-gnu/libnss_compat-2.19.so
7fd93b245000-7fd93b26e000 r-xp 00000000 08:01 6032187                    /usr/java/jdk1.7.0_75/jre/lib/amd64/libjava.so
7fd93b26e000-7fd93b46e000 ---p 00029000 08:01 6032187                    /usr/java/jdk1.7.0_75/jre/lib/amd64/libjava.so
7fd93b46e000-7fd93b470000 rw-p 00029000 08:01 6032187                    /usr/java/jdk1.7.0_75/jre/lib/amd64/libjava.so
7fd93b470000-7fd93b47d000 r-xp 00000000 08:01 6032608                    /usr/java/jdk1.7.0_75/jre/lib/amd64/libverify.so
7fd93b47d000-7fd93b67c000 ---p 0000d000 08:01 6032608                    /usr/java/jdk1.7.0_75/jre/lib/amd64/libverify.so
7fd93b67c000-7fd93b67e000 rw-p 0000c000 08:01 6032608                    /usr/java/jdk1.7.0_75/jre/lib/amd64/libverify.so
7fd93b67e000-7fd93b685000 r-xp 00000000 08:01 131313                     /lib/x86_64-linux-gnu/librt-2.19.so
7fd93b685000-7fd93b884000 ---p 00007000 08:01 131313                     /lib/x86_64-linux-gnu/librt-2.19.so
7fd93b884000-7fd93b885000 r--p 00006000 08:01 131313                     /lib/x86_64-linux-gnu/librt-2.19.so
7fd93b885000-7fd93b886000 rw-p 00007000 08:01 131313                     /lib/x86_64-linux-gnu/librt-2.19.so
7fd93b886000-7fd93b98b000 r-xp 00000000 08:01 131256                     /lib/x86_64-linux-gnu/libm-2.19.so
7fd93b98b000-7fd93bb8a000 ---p 00105000 08:01 131256                     /lib/x86_64-linux-gnu/libm-2.19.so
7fd93bb8a000-7fd93bb8b000 r--p 00104000 08:01 131256                     /lib/x86_64-linux-gnu/libm-2.19.so
7fd93bb8b000-7fd93bb8c000 rw-p 00105000 08:01 131256                     /lib/x86_64-linux-gnu/libm-2.19.so
7fd93bb8c000-7fd93c6ff000 r-xp 00000000 08:01 6032640                    /usr/java/jdk1.7.0_75/jre/lib/amd64/server/libjvm.so
7fd93c6ff000-7fd93c8ff000 ---p 00b73000 08:01 6032640                    /usr/java/jdk1.7.0_75/jre/lib/amd64/server/libjvm.so
7fd93c8ff000-7fd93c9c3000 rw-p 00b73000 08:01 6032640                    /usr/java/jdk1.7.0_75/jre/lib/amd64/server/libjvm.so
7fd93c9c3000-7fd93ca04000 rw-p 00000000 00:00 0 
7fd93ca04000-7fd93cbbf000 r-xp 00000000 08:01 131310                     /lib/x86_64-linux-gnu/libc-2.19.so
7fd93cbbf000-7fd93cdbe000 ---p 001bb000 08:01 131310                     /lib/x86_64-linux-gnu/libc-2.19.so
7fd93cdbe000-7fd93cdc2000 r--p 001ba000 08:01 131310                     /lib/x86_64-linux-gnu/libc-2.19.so
7fd93cdc2000-7fd93cdc4000 rw-p 001be000 08:01 131310                     /lib/x86_64-linux-gnu/libc-2.19.so
7fd93cdc4000-7fd93cdc9000 rw-p 00000000 00:00 0 
7fd93cdc9000-7fd93cdcc000 r-xp 00000000 08:01 131299                     /lib/x86_64-linux-gnu/libdl-2.19.so
7fd93cdcc000-7fd93cfcb000 ---p 00003000 08:01 131299                     /lib/x86_64-linux-gnu/libdl-2.19.so
7fd93cfcb000-7fd93cfcc000 r--p 00002000 08:01 131299                     /lib/x86_64-linux-gnu/libdl-2.19.so
7fd93cfcc000-7fd93cfcd000 rw-p 00003000 08:01 131299                     /lib/x86_64-linux-gnu/libdl-2.19.so
7fd93cfcd000-7fd93cfe3000 r-xp 00000000 08:01 6033294                    /usr/java/jdk1.7.0_75/lib/amd64/jli/libjli.so
7fd93cfe3000-7fd93d1e3000 ---p 00016000 08:01 6033294                    /usr/java/jdk1.7.0_75/lib/amd64/jli/libjli.so
7fd93d1e3000-7fd93d1e4000 rw-p 00016000 08:01 6033294                    /usr/java/jdk1.7.0_75/lib/amd64/jli/libjli.so
7fd93d1e4000-7fd93d1fd000 r-xp 00000000 08:01 131311                     /lib/x86_64-linux-gnu/libpthread-2.19.so
7fd93d1fd000-7fd93d3fc000 ---p 00019000 08:01 131311                     /lib/x86_64-linux-gnu/libpthread-2.19.so
7fd93d3fc000-7fd93d3fd000 r--p 00018000 08:01 131311                     /lib/x86_64-linux-gnu/libpthread-2.19.so
7fd93d3fd000-7fd93d3fe000 rw-p 00019000 08:01 131311                     /lib/x86_64-linux-gnu/libpthread-2.19.so
7fd93d3fe000-7fd93d402000 rw-p 00000000 00:00 0 
7fd93d402000-7fd93d425000 r-xp 00000000 08:01 131307                     /lib/x86_64-linux-gnu/ld-2.19.so
7fd93d42d000-7fd93d43c000 r--s 000dd000 08:01 394419                     /home/joshua-zr/Android/Sdk/build-tools/21.1.2/lib/dx.jar
7fd93d43c000-7fd93d446000 rw-p 00000000 00:00 0 
7fd93d446000-7fd93d4fc000 rw-p 00000000 00:00 0 
7fd93d4fc000-7fd93d4ff000 ---p 00000000 00:00 0 
7fd93d4ff000-7fd93d618000 rw-p 00000000 00:00 0                          [stack:24022]
7fd93d618000-7fd93d620000 rw-s 00000000 08:01 4589356                    /tmp/hsperfdata_joshua-zr/24017
7fd93d620000-7fd93d621000 rw-p 00000000 00:00 0 
7fd93d621000-7fd93d622000 ---p 00000000 00:00 0 
7fd93d622000-7fd93d624000 rw-p 00000000 00:00 0 
7fd93d624000-7fd93d625000 r--p 00022000 08:01 131307                     /lib/x86_64-linux-gnu/ld-2.19.so
7fd93d625000-7fd93d626000 rw-p 00023000 08:01 131307                     /lib/x86_64-linux-gnu/ld-2.19.so
7fd93d626000-7fd93d627000 rw-p 00000000 00:00 0 
7fff0261f000-7fff02641000 rw-p 00000000 00:00 0                          [stack]
7fff027b9000-7fff027bb000 r-xp 00000000 00:00 0                          [vdso]
ffffffffff600000-ffffffffff601000 r-xp 00000000 00:00 0                  [vsyscall]

VM Arguments:
jvm_args: -Xmx1024M -Dfile.encoding=UTF-8 -Duser.country=US -Duser.language=en -Duser.variant 
java_command: com.android.dx.command.Main --dex --output /home/joshua-zr/Project/android-proj/IsTroopRecognize/app/build/intermediates/dex/release /home/joshua-zr/Project/android-proj/IsTroopRecognize/app/build/intermediates/classes/release /home/joshua-zr/Project/android-proj/IsTroopRecognize/app/build/intermediates/pre-dexed/release/support-annotations-22.2.1-84accc7e43425a2a398c49832a059fe5eded32ca.jar /home/joshua-zr/Project/android-proj/IsTroopRecognize/app/build/intermediates/pre-dexed/release/classes-257d6ea9a3b15a7afd076aac545fa119e28386c7.jar /home/joshua-zr/Project/android-proj/IsTroopRecognize/app/build/intermediates/pre-dexed/release/httpmime-4.0-48da2a66f4a15b558a4b206fc4a5f837507da414.jar /home/joshua-zr/Project/android-proj/IsTroopRecognize/app/build/intermediates/pre-dexed/release/libammsdk-28413c9a1ef622cbac9bddb08e99dfffc89fd8bb.jar /home/joshua-zr/Project/android-proj/IsTroopRecognize/app/build/intermediates/pre-dexed/release/internal_impl-22.2.1-6719d38c3590e084f15e526ea5eab5d9ac8358b4.jar /home/joshua-zr/Project/android-proj/IsTroopRecognize/app/build/intermediates/pre-dexed/release/xUtils-2.6.14-32b1ef3606b15e8149889a77fcf6acde61be859f.jar /home/joshua-zr/Project/android-proj/IsTroopRecognize/app/build/intermediates/pre-dexed/release/apache-mime4j-0.6-07be70e47bb77f756bf29ce8e647db5ab882fe2c.jar /home/joshua-zr/Project/android-proj/IsTroopRecognize/app/build/intermediates/pre-dexed/release/stetho-1.1.1-fatjar-9d3b30031a5003f96dac485928ba822b681aefde.jar /home/joshua-zr/Project/android-proj/IsTroopRecognize/app/build/intermediates/pre-dexed/release/classes-6268d4478eaa5e960b25e82ab7424da8dbb4b41e.jar /home/joshua-zr/Project/android-proj/IsTroopRecognize/app/build/intermediates/pre-dexed/release/classes-48fce3fe65c198687842b61da1c70c23e6deccac.jar
Launcher Type: SUN_STANDARD

Environment Variables:
PATH=/usr/local/sbin:/usr/local/bin:/usr/sbin:/usr/bin:/sbin:/bin:/usr/games:/usr/local/games:/usr/java/jdk1.8.0_51/bin:/home/joshua-zr/.rvm/bin
LD_LIBRARY_PATH=/opt/android-studio/bin:
SHELL=/bin/bash
DISPLAY=:0

Signal Handlers:
SIGSEGV: [libjvm.so+0x9a21f0], sa_mask[0]=0x7ffbfeff, sa_flags=0x10000004
SIGBUS: [libjvm.so+0x9a21f0], sa_mask[0]=0x7ffbfeff, sa_flags=0x10000004
SIGFPE: [libjvm.so+0x81ba40], sa_mask[0]=0x7ffbfeff, sa_flags=0x10000004
SIGPIPE: [libjvm.so+0x81ba40], sa_mask[0]=0x7ffbfeff, sa_flags=0x10000004
SIGXFSZ: [libjvm.so+0x81ba40], sa_mask[0]=0x7ffbfeff, sa_flags=0x10000004
SIGILL: [libjvm.so+0x81ba40], sa_mask[0]=0x7ffbfeff, sa_flags=0x10000004
SIGUSR1: SIG_DFL, sa_mask[0]=0x00000000, sa_flags=0x00000000
SIGUSR2: [libjvm.so+0x81d240], sa_mask[0]=0x00000004, sa_flags=0x10000004
SIGHUP: [libjvm.so+0x81e360], sa_mask[0]=0x7ffbfeff, sa_flags=0x10000004
SIGINT: [libjvm.so+0x81e360], sa_mask[0]=0x7ffbfeff, sa_flags=0x10000004
SIGTERM: [libjvm.so+0x81e360], sa_mask[0]=0x7ffbfeff, sa_flags=0x10000004
SIGQUIT: [libjvm.so+0x81e360], sa_mask[0]=0x7ffbfeff, sa_flags=0x10000004


---------------  S Y S T E M  ---------------

OS:jessie/sid

uname:Linux 3.13.0-46-generic #79-Ubuntu SMP Tue Mar 10 20:06:50 UTC 2015 x86_64
libc:glibc 2.19 NPTL 2.19 
rlimit: STACK 8192k, CORE 0k, NPROC 46348, NOFILE 4096, AS infinity
load average:1.66 1.39 1.36

/proc/meminfo:
MemTotal:        5962188 kB
MemFree:          274608 kB
Buffers:           14280 kB
Cached:          1074308 kB
SwapCached:       107476 kB
Active:          4017640 kB
Inactive:        1409984 kB
Active(anon):    3791428 kB
Inactive(anon):  1259860 kB
Active(file):     226212 kB
Inactive(file):   150124 kB
Unevictable:        1188 kB
Mlocked:            1188 kB
SwapTotal:       4041724 kB
SwapFree:        2789668 kB
Dirty:              2776 kB
Writeback:             0 kB
AnonPages:       4293488 kB
Mapped:           387124 kB
Shmem:            711980 kB
Slab:             104480 kB
SReclaimable:      56916 kB
SUnreclaim:        47564 kB
KernelStack:        7264 kB
PageTables:        66976 kB
NFS_Unstable:          0 kB
Bounce:                0 kB
WritebackTmp:          0 kB
CommitLimit:     7022816 kB
Committed_AS:   13720352 kB
VmallocTotal:   34359738367 kB
VmallocUsed:      554048 kB
VmallocChunk:   34359178584 kB
HardwareCorrupted:     0 kB
AnonHugePages:   1732608 kB
HugePages_Total:       0
HugePages_Free:        0
HugePages_Rsvd:        0
HugePages_Surp:        0
Hugepagesize:       2048 kB
DirectMap4k:       94464 kB
DirectMap2M:     6045696 kB


CPU:total 4 (2 cores per cpu, 2 threads per core) family 6 model 42 stepping 7, cmov, cx8, fxsr, mmx, sse, sse2, sse3, ssse3, sse4.1, sse4.2, popcnt, avx, ht, tsc, tscinvbit

/proc/cpuinfo:
processor	: 0
vendor_id	: GenuineIntel
cpu family	: 6
model		: 42
model name	: Intel(R) Core(TM) i3-2330M CPU @ 2.20GHz
stepping	: 7
microcode	: 0x1a
cpu MHz		: 2000.000
cache size	: 3072 KB
physical id	: 0
siblings	: 4
core id		: 0
cpu cores	: 2
apicid		: 0
initial apicid	: 0
fpu		: yes
fpu_exception	: yes
cpuid level	: 13
wp		: yes
flags		: fpu vme de pse tsc msr pae mce cx8 apic sep mtrr pge mca cmov pat pse36 clflush dts acpi mmx fxsr sse sse2 ss ht tm pbe syscall nx rdtscp lm constant_tsc arch_perfmon pebs bts rep_good nopl xtopology nonstop_tsc aperfmperf eagerfpu pni pclmulqdq dtes64 monitor ds_cpl vmx est tm2 ssse3 cx16 xtpr pdcm pcid sse4_1 sse4_2 x2apic popcnt tsc_deadline_timer xsave avx lahf_lm arat epb xsaveopt pln pts dtherm tpr_shadow vnmi flexpriority ept vpid
bogomips	: 4389.89
clflush size	: 64
cache_alignment	: 64
address sizes	: 36 bits physical, 48 bits virtual
power management:

processor	: 1
vendor_id	: GenuineIntel
cpu family	: 6
model		: 42
model name	: Intel(R) Core(TM) i3-2330M CPU @ 2.20GHz
stepping	: 7
microcode	: 0x1a
cpu MHz		: 2200.000
cache size	: 3072 KB
physical id	: 0
siblings	: 4
core id		: 0
cpu cores	: 2
apicid		: 1
initial apicid	: 1
fpu		: yes
fpu_exception	: yes
cpuid level	: 13
wp		: yes
flags		: fpu vme de pse tsc msr pae mce cx8 apic sep mtrr pge mca cmov pat pse36 clflush dts acpi mmx fxsr sse sse2 ss ht tm pbe syscall nx rdtscp lm constant_tsc arch_perfmon pebs bts rep_good nopl xtopology nonstop_tsc aperfmperf eagerfpu pni pclmulqdq dtes64 monitor ds_cpl vmx est tm2 ssse3 cx16 xtpr pdcm pcid sse4_1 sse4_2 x2apic popcnt tsc_deadline_timer xsave avx lahf_lm arat epb xsaveopt pln pts dtherm tpr_shadow vnmi flexpriority ept vpid
bogomips	: 4389.89
clflush size	: 64
cache_alignment	: 64
address sizes	: 36 bits physical, 48 bits virtual
power management:

processor	: 2
vendor_id	: GenuineIntel
cpu family	: 6
model		: 42
model name	: Intel(R) Core(TM) i3-2330M CPU @ 2.20GHz
stepping	: 7
microcode	: 0x1a
cpu MHz		: 2200.000
cache size	: 3072 KB
physical id	: 0
siblings	: 4
core id		: 1
cpu cores	: 2
apicid		: 2
initial apicid	: 2
fpu		: yes
fpu_exception	: yes
cpuid level	: 13
wp		: yes
flags		: fpu vme de pse tsc msr pae mce cx8 apic sep mtrr pge mca cmov pat pse36 clflush dts acpi mmx fxsr sse sse2 ss ht tm pbe syscall nx rdtscp lm constant_tsc arch_perfmon pebs bts rep_good nopl xtopology nonstop_tsc aperfmperf eagerfpu pni pclmulqdq dtes64 monitor ds_cpl vmx est tm2 ssse3 cx16 xtpr pdcm pcid sse4_1 sse4_2 x2apic popcnt tsc_deadline_timer xsave avx lahf_lm arat epb xsaveopt pln pts dtherm tpr_shadow vnmi flexpriority ept vpid
bogomips	: 4389.89
clflush size	: 64
cache_alignment	: 64
address sizes	: 36 bits physical, 48 bits virtual
power management:

processor	: 3
vendor_id	: GenuineIntel
cpu family	: 6
model		: 42
model name	: Intel(R) Core(TM) i3-2330M CPU @ 2.20GHz
stepping	: 7
microcode	: 0x1a
cpu MHz		: 1900.000
cache size	: 3072 KB
physical id	: 0
siblings	: 4
core id		: 1
cpu cores	: 2
apicid		: 3
initial apicid	: 3
fpu		: yes
fpu_exception	: yes
cpuid level	: 13
wp		: yes
flags		: fpu vme de pse tsc msr pae mce cx8 apic sep mtrr pge mca cmov pat pse36 clflush dts acpi mmx fxsr sse sse2 ss ht tm pbe syscall nx rdtscp lm constant_tsc arch_perfmon pebs bts rep_good nopl xtopology nonstop_tsc aperfmperf eagerfpu pni pclmulqdq dtes64 monitor ds_cpl vmx est tm2 ssse3 cx16 xtpr pdcm pcid sse4_1 sse4_2 x2apic popcnt tsc_deadline_timer xsave avx lahf_lm arat epb xsaveopt pln pts dtherm tpr_shadow vnmi flexpriority ept vpid
bogomips	: 4389.89
clflush size	: 64
cache_alignment	: 64
address sizes	: 36 bits physical, 48 bits virtual
power management:



Memory: 4k page, physical 5962188k(274608k free), swap 4041724k(2789668k free)

vm_info: Java HotSpot(TM) 64-Bit Server VM (24.75-b04) for linux-amd64 JRE (1.7.0_75-b13), built on Dec 18 2014 16:45:18 by "java_re" with gcc 4.3.0 20080428 (Red Hat 4.3.0-8)

time: Wed Aug 12 16:00:33 2015
elapsed time: 3 seconds

